<?xml version="1.0" encoding="UTF-8"?>
<!-- Generated by org.testng.reporters.JUnitReportReporter -->
<testsuite skipped="0" hostname="DESKTOP-PH43S9D" name="Test.EmailTest" tests="1" failures="0" timestamp="03 Mar 2022 07:07:06 GMT" time="11.592" errors="0">
  <testcase name="emailTest" time="11.592" classname="Test.EmailTest"/>
</testsuite> <!-- Test.EmailTest -->
