<?xml version="1.0" encoding="UTF-8"?>
<!-- Generated by org.testng.reporters.JUnitReportReporter -->
<testsuite skipped="0" hostname="DESKTOP-PH43S9D" name="Test.LandigPageTest" tests="2" failures="0" timestamp="03 Mar 2022 11:49:11 GMT" time="18.509" errors="0">
  <testcase name="dropdownTest" time="10.617" classname="Test.LandigPageTest"/>
  <testcase name="emailTest" time="7.892" classname="Test.LandigPageTest"/>
</testsuite> <!-- Test.LandigPageTest -->
